<?xml version="1.0" encoding="UTF-8"?>
<testsuite name="development6b">
    <testcase classname="development6b.LinkWord" name="link">
    </testcase>
	<testcase classname="development6b.JUnitTest" name="junit">
    </testcase>
</testsuite>